#
# There is insufficient memory for the Java Runtime Environment to continue.
# Native memory allocation (malloc) failed to allocate 1067056 bytes. Error detail: Chunk::new
# Possible reasons:
#   The system is out of physical RAM or swap space
#   This process is running with CompressedOops enabled, and the Java Heap may be blocking the growth of the native heap
# Possible solutions:
#   Reduce memory load on the system
#   Increase physical memory or swap space
#   Check if swap backing store is full
#   Decrease Java heap size (-Xmx/-Xms)
#   Decrease number of Java threads
#   Decrease Java thread stack sizes (-Xss)
#   Set larger code cache with -XX:ReservedCodeCacheSize=
#   JVM is running with Zero Based Compressed Oops mode in which the Java heap is
#     placed in the first 32GB address space. The Java Heap base address is the
#     maximum limit for the native heap growth. Please use -XX:HeapBaseMinAddress
#     to set the Java Heap base and to place the Java Heap above 32GB virtual address.
# This output file may be truncated or incomplete.
#
#  Out of Memory Error (arena.cpp:168), pid=35024, tid=26316
#
# JRE version: OpenJDK Runtime Environment Temurin-21.0.10+7 (21.0.10+7) (build 21.0.10+7-LTS)
# Java VM: OpenJDK 64-Bit Server VM Temurin-21.0.10+7 (21.0.10+7-LTS, mixed mode, sharing, tiered, compressed oops, compressed class ptrs, g1 gc, windows-amd64)
# No core dump will be written. Minidumps are not enabled by default on client versions of Windows
#

---------------  S U M M A R Y ------------

Command Line: org.jetbrains.kotlin.cli.jvm.K2JVMCompiler @C:\Flutter\flutter_windows_3.32.7-stable\flutter\packages\flutter_tools\gradle\build\20260609_15177040268141678273.compiler.options

Host: AMD Ryzen 7 7435HS                             , 16 cores, 15G,  Windows 11 , 64 bit Build 26100 (10.0.26100.8328)
Time: Tue Jun  9 20:09:55 2026 Sri Lanka Standard Time elapsed time: 11.909689 seconds (0d 0h 0m 11s)

---------------  T H R E A D  ---------------

Current thread (0x000002007a6b9f90):  JavaThread "C2 CompilerThread1" daemon [_thread_in_native, id=26316, stack(0x0000009d64c00000,0x0000009d64d00000) (1024K)]


Current CompileTask:
C2:11909 10372       4       org.jetbrains.kotlin.cli.jvm.index.JvmDependenciesIndexImpl::search (374 bytes)

Stack: [0x0000009d64c00000,0x0000009d64d00000]
Native frames: (J=compiled Java code, j=interpreted, Vv=VM code, C=native code)
V  [jvm.dll+0x6d7a39]
V  [jvm.dll+0x8b4b26]
V  [jvm.dll+0x8b70de]
V  [jvm.dll+0x8b77c3]
V  [jvm.dll+0x284346]
V  [jvm.dll+0xc66ed]
V  [jvm.dll+0xc6c31]
V  [jvm.dll+0x2fb29e]
V  [jvm.dll+0x5fe884]
V  [jvm.dll+0x255b17]
V  [jvm.dll+0x24e12a]
V  [jvm.dll+0x24ba42]
V  [jvm.dll+0x1cb34e]
V  [jvm.dll+0x25b85d]
V  [jvm.dll+0x259dea]
V  [jvm.dll+0x3f857e]
V  [jvm.dll+0x85f59d]
V  [jvm.dll+0x6d626d]
C  [ucrtbase.dll+0x37b0]
C  [KERNEL32.DLL+0x2e957]
C  [ntdll.dll+0x427c]


---------------  P R O C E S S  ---------------

Threads class SMR info:
_java_thread_list=0x00000200549d54f0, length=16, elements={
0x000002006c7c7d60, 0x000002007a5c28d0, 0x000002007a5c3330, 0x000002007a5c7910,
0x000002007a5c84a0, 0x000002007a5ca290, 0x000002007a5cbc70, 0x000002007a5edae0,
0x000002007a600490, 0x000002007a6bb400, 0x000002007a79d6d0, 0x000002007a7a4d00,
0x000002007a6b9f90, 0x000002007a6ba660, 0x000002007a6bd610, 0x000002007a6bcf40
}

Java Threads: ( => current thread )
  0x000002006c7c7d60 JavaThread "main"                              [_thread_blocked, id=13476, stack(0x0000009d63900000,0x0000009d63a00000) (1024K)]
  0x000002007a5c28d0 JavaThread "Reference Handler"          daemon [_thread_blocked, id=34452, stack(0x0000009d64100000,0x0000009d64200000) (1024K)]
  0x000002007a5c3330 JavaThread "Finalizer"                  daemon [_thread_blocked, id=24440, stack(0x0000009d64200000,0x0000009d64300000) (1024K)]
  0x000002007a5c7910 JavaThread "Signal Dispatcher"          daemon [_thread_blocked, id=26572, stack(0x0000009d64300000,0x0000009d64400000) (1024K)]
  0x000002007a5c84a0 JavaThread "Attach Listener"            daemon [_thread_blocked, id=33476, stack(0x0000009d64400000,0x0000009d64500000) (1024K)]
  0x000002007a5ca290 JavaThread "Service Thread"             daemon [_thread_blocked, id=32532, stack(0x0000009d64500000,0x0000009d64600000) (1024K)]
  0x000002007a5cbc70 JavaThread "Monitor Deflation Thread"   daemon [_thread_blocked, id=18052, stack(0x0000009d64600000,0x0000009d64700000) (1024K)]
  0x000002007a5edae0 JavaThread "C2 CompilerThread0"         daemon [_thread_in_native, id=33644, stack(0x0000009d64700000,0x0000009d64800000) (1024K)]
  0x000002007a600490 JavaThread "C1 CompilerThread0"         daemon [_thread_blocked, id=22832, stack(0x0000009d64800000,0x0000009d64900000) (1024K)]
  0x000002007a6bb400 JavaThread "C1 CompilerThread1"         daemon [_thread_blocked, id=33668, stack(0x0000009d64900000,0x0000009d64a00000) (1024K)]
  0x000002007a79d6d0 JavaThread "Notification Thread"        daemon [_thread_blocked, id=17140, stack(0x0000009d64a00000,0x0000009d64b00000) (1024K)]
  0x000002007a7a4d00 JavaThread "Common-Cleaner"             daemon [_thread_blocked, id=34996, stack(0x0000009d64b00000,0x0000009d64c00000) (1024K)]
=>0x000002007a6b9f90 JavaThread "C2 CompilerThread1"         daemon [_thread_in_native, id=26316, stack(0x0000009d64c00000,0x0000009d64d00000) (1024K)]
  0x000002007a6ba660 JavaThread "C2 CompilerThread2"         daemon [_thread_blocked, id=31516, stack(0x0000009d64d00000,0x0000009d64e00000) (1024K)]
  0x000002007a6bd610 JavaThread "C1 CompilerThread2"         daemon [_thread_blocked, id=29208, stack(0x0000009d64e00000,0x0000009d64f00000) (1024K)]
  0x000002007a6bcf40 JavaThread "C1 CompilerThread3"         daemon [_thread_blocked, id=5588, stack(0x0000009d64f00000,0x0000009d65000000) (1024K)]
Total: 16

Other Threads:
  0x00000200798e11c0 VMThread "VM Thread"                           [id=35324, stack(0x0000009d64000000,0x0000009d64100000) (1024K)] _threads_hazard_ptr=0x00000200549d54f0
  0x00000200798cd090 WatcherThread "VM Periodic Task Thread"        [id=34244, stack(0x0000009d63f00000,0x0000009d64000000) (1024K)]
  0x000002006ec77450 WorkerThread "GC Thread#0"                     [id=29276, stack(0x0000009d63a00000,0x0000009d63b00000) (1024K)]
  0x000002007f411430 WorkerThread "GC Thread#1"                     [id=27856, stack(0x0000009d65000000,0x0000009d65100000) (1024K)]
  0x000002007f4117e0 WorkerThread "GC Thread#2"                     [id=26480, stack(0x0000009d65100000,0x0000009d65200000) (1024K)]
  0x000002007f4123a0 WorkerThread "GC Thread#3"                     [id=28668, stack(0x0000009d65200000,0x0000009d65300000) (1024K)]
  0x000002007f481a50 WorkerThread "GC Thread#4"                     [id=7956, stack(0x0000009d65300000,0x0000009d65400000) (1024K)]
  0x000002007f481e00 WorkerThread "GC Thread#5"                     [id=35836, stack(0x0000009d65400000,0x0000009d65500000) (1024K)]
  0x000002005015f7c0 WorkerThread "GC Thread#6"                     [id=21160, stack(0x0000009d65500000,0x0000009d65600000) (1024K)]
  0x0000020050160680 WorkerThread "GC Thread#7"                     [id=35124, stack(0x0000009d65600000,0x0000009d65700000) (1024K)]
  0x000002005015ff20 WorkerThread "GC Thread#8"                     [id=34388, stack(0x0000009d65700000,0x0000009d65800000) (1024K)]
  0x000002005015fb70 WorkerThread "GC Thread#9"                     [id=4040, stack(0x0000009d65a00000,0x0000009d65b00000) (1024K)]
  0x0000020054eb6870 WorkerThread "GC Thread#10"                    [id=11372, stack(0x0000009d65b00000,0x0000009d65c00000) (1024K)]
  0x00000200569f3db0 WorkerThread "GC Thread#11"                    [id=34308, stack(0x0000009d65e00000,0x0000009d65f00000) (1024K)]
  0x00000200569f3a00 WorkerThread "GC Thread#12"                    [id=10908, stack(0x0000009d65f00000,0x0000009d66000000) (1024K)]
  0x000002006ecc6010 ConcurrentGCThread "G1 Main Marker"            [id=33876, stack(0x0000009d63b00000,0x0000009d63c00000) (1024K)]
  0x000002006ecc78e0 WorkerThread "G1 Conc#0"                       [id=27520, stack(0x0000009d63c00000,0x0000009d63d00000) (1024K)]
  0x0000020054eb5600 WorkerThread "G1 Conc#1"                       [id=34372, stack(0x0000009d65c00000,0x0000009d65d00000) (1024K)]
  0x0000020054eb4390 WorkerThread "G1 Conc#2"                       [id=1644, stack(0x0000009d65d00000,0x0000009d65e00000) (1024K)]
  0x000002007979a9a0 ConcurrentGCThread "G1 Refine#0"               [id=32164, stack(0x0000009d63d00000,0x0000009d63e00000) (1024K)]
  0x000002007979b2d0 ConcurrentGCThread "G1 Service"                [id=29584, stack(0x0000009d63e00000,0x0000009d63f00000) (1024K)]
Total: 21

Threads with active compile tasks:
C2 CompilerThread0  12960 10494       4       org.jetbrains.kotlin.types.KotlinTypeFactory::simpleType$default (21 bytes)
C2 CompilerThread1  12960 10372       4       org.jetbrains.kotlin.cli.jvm.index.JvmDependenciesIndexImpl::search (374 bytes)
C2 CompilerThread2  12960 10496       4       org.jetbrains.kotlin.resolve.calls.tower.NoExplicitReceiverScopeTowerProcessor::simpleProcess (948 bytes)
C1 CompilerThread2  12960 10567       3       org.jetbrains.kotlin.com.intellij.psi.impl.source.tree.LazyParseablePsiElement::findChildrenByClass (68 bytes)
Total: 4

VM state: synchronizing (normal execution)

VM Mutex/Monitor currently owned by a thread:  ([mutex/lock_event])
[0x00007ffef24fe560] Threads_lock - owner thread: 0x00000200798e11c0

Heap address: 0x0000000702c00000, size: 4052 MB, Compressed Oops mode: Zero based, Oop shift amount: 3

CDS archive(s) mapped at: [0x000002000f000000-0x000002000fba0000-0x000002000fba0000), size 12189696, SharedBaseAddress: 0x000002000f000000, ArchiveRelocationMode: 1.
Compressed class space mapped at: 0x0000020010000000-0x0000020050000000, reserved size: 1073741824
Narrow klass base: 0x000002000f000000, Narrow klass shift: 0, Narrow klass range: 0x100000000

GC Precious Log:
 CardTable entry size: 512
 Card Set container configuration: InlinePtr #cards 4 size 8 Array Of Cards #cards 16 size 48 Howl #buckets 8 coarsen threshold 3686 Howl Bitmap #cards 512 size 80 coarsen threshold 460 Card regions per heap region 1 cards per card region 4096
 CPUs: 16 total, 16 available
 Memory: 16202M
 Large Page Support: Disabled
 NUMA Support: Disabled
 Compressed Oops: Enabled (Zero based)
 Heap Region Size: 2M
 Heap Min Capacity: 8M
 Heap Initial Capacity: 254M
 Heap Max Capacity: 4052M
 Pre-touch: Disabled
 Parallel Workers: 13
 Concurrent Workers: 3
 Concurrent Refinement Workers: 13
 Periodic GC: Disabled

Heap:
 garbage-first heap   total 145408K, used 118499K [0x0000000702c00000, 0x0000000800000000)
  region size 2048K, 32 young (65536K), 4 survivors (8192K)
 Metaspace       used 56517K, committed 57344K, reserved 1114112K
  class space    used 6538K, committed 6912K, reserved 1048576K

Heap Regions: E=young(eden), S=young(survivor), O=old, HS=humongous(starts), HC=humongous(continues), CS=collection set, F=free, TAMS=top-at-mark-start, PB=parsable bottom
|   0|0x0000000702c00000, 0x0000000702e00000, 0x0000000702e00000|100%|HS|  |TAMS 0x0000000702c00000| PB 0x0000000702c00000| Complete 
|   1|0x0000000702e00000, 0x0000000703000000, 0x0000000703000000|100%|HC|  |TAMS 0x0000000702e00000| PB 0x0000000702e00000| Complete 
|   2|0x0000000703000000, 0x0000000703200000, 0x0000000703200000|100%|HS|  |TAMS 0x0000000703000000| PB 0x0000000703000000| Complete 
|   3|0x0000000703200000, 0x0000000703400000, 0x0000000703400000|100%|HC|  |TAMS 0x0000000703200000| PB 0x0000000703200000| Complete 
|   4|0x0000000703400000, 0x0000000703600000, 0x0000000703600000|100%|HC|  |TAMS 0x0000000703400000| PB 0x0000000703400000| Complete 
|   5|0x0000000703600000, 0x0000000703800000, 0x0000000703800000|100%|HS|  |TAMS 0x0000000703600000| PB 0x0000000703600000| Complete 
|   6|0x0000000703800000, 0x0000000703a00000, 0x0000000703a00000|100%| O|  |TAMS 0x0000000703800000| PB 0x0000000703800000| Untracked 
|   7|0x0000000703a00000, 0x0000000703c00000, 0x0000000703c00000|100%| O|  |TAMS 0x0000000703a00000| PB 0x0000000703a00000| Untracked 
|   8|0x0000000703c00000, 0x0000000703e00000, 0x0000000703e00000|100%| O|  |TAMS 0x0000000703c00000| PB 0x0000000703c00000| Untracked 
|   9|0x0000000703e00000, 0x0000000704000000, 0x0000000704000000|100%| O|  |TAMS 0x0000000703e00000| PB 0x0000000703e00000| Untracked 
|  10|0x0000000704000000, 0x0000000704200000, 0x0000000704200000|100%| O|  |TAMS 0x0000000704000000| PB 0x0000000704000000| Untracked 
|  11|0x0000000704200000, 0x0000000704400000, 0x0000000704400000|100%| O|  |TAMS 0x0000000704200000| PB 0x0000000704200000| Untracked 
|  12|0x0000000704400000, 0x0000000704600000, 0x0000000704600000|100%| O|  |TAMS 0x0000000704400000| PB 0x0000000704400000| Untracked 
|  13|0x0000000704600000, 0x0000000704800000, 0x0000000704800000|100%| O|  |TAMS 0x0000000704600000| PB 0x0000000704600000| Untracked 
|  14|0x0000000704800000, 0x0000000704a00000, 0x0000000704a00000|100%| O|  |TAMS 0x0000000704800000| PB 0x0000000704800000| Untracked 
|  15|0x0000000704a00000, 0x0000000704c00000, 0x0000000704c00000|100%| O|  |TAMS 0x0000000704a00000| PB 0x0000000704a00000| Untracked 
|  16|0x0000000704c00000, 0x0000000704db8e60, 0x0000000704e00000| 86%| O|  |TAMS 0x0000000704c00000| PB 0x0000000704c00000| Untracked 
|  17|0x0000000704e00000, 0x0000000704e00000, 0x0000000705000000|  0%| F|  |TAMS 0x0000000704e00000| PB 0x0000000704e00000| Untracked 
|  18|0x0000000705000000, 0x0000000705000000, 0x0000000705200000|  0%| F|  |TAMS 0x0000000705000000| PB 0x0000000705000000| Untracked 
|  19|0x0000000705200000, 0x0000000705200000, 0x0000000705400000|  0%| F|  |TAMS 0x0000000705200000| PB 0x0000000705200000| Untracked 
|  20|0x0000000705400000, 0x0000000705400000, 0x0000000705600000|  0%| F|  |TAMS 0x0000000705400000| PB 0x0000000705400000| Untracked 
|  21|0x0000000705600000, 0x0000000705600000, 0x0000000705800000|  0%| F|  |TAMS 0x0000000705600000| PB 0x0000000705600000| Untracked 
|  22|0x0000000705800000, 0x0000000705800000, 0x0000000705a00000|  0%| F|  |TAMS 0x0000000705800000| PB 0x0000000705800000| Untracked 
|  23|0x0000000705a00000, 0x0000000705a00000, 0x0000000705c00000|  0%| F|  |TAMS 0x0000000705a00000| PB 0x0000000705a00000| Untracked 
|  24|0x0000000705c00000, 0x0000000705c00000, 0x0000000705e00000|  0%| F|  |TAMS 0x0000000705c00000| PB 0x0000000705c00000| Untracked 
|  25|0x0000000705e00000, 0x0000000705e00000, 0x0000000706000000|  0%| F|  |TAMS 0x0000000705e00000| PB 0x0000000705e00000| Untracked 
|  26|0x0000000706000000, 0x0000000706200000, 0x0000000706200000|100%| S|CS|TAMS 0x0000000706000000| PB 0x0000000706000000| Complete 
|  27|0x0000000706200000, 0x0000000706400000, 0x0000000706400000|100%| S|CS|TAMS 0x0000000706200000| PB 0x0000000706200000| Complete 
|  28|0x0000000706400000, 0x0000000706600000, 0x0000000706600000|100%| S|CS|TAMS 0x0000000706400000| PB 0x0000000706400000| Complete 
|  29|0x0000000706600000, 0x0000000706800000, 0x0000000706800000|100%| S|CS|TAMS 0x0000000706600000| PB 0x0000000706600000| Complete 
|  30|0x0000000706800000, 0x0000000706800000, 0x0000000706a00000|  0%| F|  |TAMS 0x0000000706800000| PB 0x0000000706800000| Untracked 
|  31|0x0000000706a00000, 0x0000000706a00000, 0x0000000706c00000|  0%| F|  |TAMS 0x0000000706a00000| PB 0x0000000706a00000| Untracked 
|  32|0x0000000706c00000, 0x0000000706c00000, 0x0000000706e00000|  0%| F|  |TAMS 0x0000000706c00000| PB 0x0000000706c00000| Untracked 
|  33|0x0000000706e00000, 0x0000000706f00000, 0x0000000707000000| 50%| E|  |TAMS 0x0000000706e00000| PB 0x0000000706e00000| Complete 
|  34|0x0000000707000000, 0x0000000707200000, 0x0000000707200000|100%| E|CS|TAMS 0x0000000707000000| PB 0x0000000707000000| Complete 
|  35|0x0000000707200000, 0x0000000707400000, 0x0000000707400000|100%| E|CS|TAMS 0x0000000707200000| PB 0x0000000707200000| Complete 
|  36|0x0000000707400000, 0x0000000707600000, 0x0000000707600000|100%| E|CS|TAMS 0x0000000707400000| PB 0x0000000707400000| Complete 
|  37|0x0000000707600000, 0x0000000707800000, 0x0000000707800000|100%| E|CS|TAMS 0x0000000707600000| PB 0x0000000707600000| Complete 
|  38|0x0000000707800000, 0x0000000707a00000, 0x0000000707a00000|100%| E|CS|TAMS 0x0000000707800000| PB 0x0000000707800000| Complete 
|  39|0x0000000707a00000, 0x0000000707c00000, 0x0000000707c00000|100%| E|CS|TAMS 0x0000000707a00000| PB 0x0000000707a00000| Complete 
|  40|0x0000000707c00000, 0x0000000707e00000, 0x0000000707e00000|100%| E|CS|TAMS 0x0000000707c00000| PB 0x0000000707c00000| Complete 
|  41|0x0000000707e00000, 0x0000000708000000, 0x0000000708000000|100%| E|CS|TAMS 0x0000000707e00000| PB 0x0000000707e00000| Complete 
|  42|0x0000000708000000, 0x0000000708200000, 0x0000000708200000|100%| E|CS|TAMS 0x0000000708000000| PB 0x0000000708000000| Complete 
|  43|0x0000000708200000, 0x0000000708400000, 0x0000000708400000|100%| E|CS|TAMS 0x0000000708200000| PB 0x0000000708200000| Complete 
|  44|0x0000000708400000, 0x0000000708600000, 0x0000000708600000|100%| E|CS|TAMS 0x0000000708400000| PB 0x0000000708400000| Complete 
|  45|0x0000000708600000, 0x0000000708800000, 0x0000000708800000|100%| E|CS|TAMS 0x0000000708600000| PB 0x0000000708600000| Complete 
|  46|0x0000000708800000, 0x0000000708a00000, 0x0000000708a00000|100%| E|CS|TAMS 0x0000000708800000| PB 0x0000000708800000| Complete 
|  47|0x0000000708a00000, 0x0000000708c00000, 0x0000000708c00000|100%| E|CS|TAMS 0x0000000708a00000| PB 0x0000000708a00000| Complete 
|  48|0x0000000708c00000, 0x0000000708e00000, 0x0000000708e00000|100%| E|CS|TAMS 0x0000000708c00000| PB 0x0000000708c00000| Complete 
|  49|0x0000000708e00000, 0x0000000709000000, 0x0000000709000000|100%| E|CS|TAMS 0x0000000708e00000| PB 0x0000000708e00000| Complete 
|  79|0x000000070ca00000, 0x000000070cc00000, 0x000000070cc00000|100%| E|CS|TAMS 0x000000070ca00000| PB 0x000000070ca00000| Complete 
|  80|0x000000070cc00000, 0x000000070ce00000, 0x000000070ce00000|100%| E|CS|TAMS 0x000000070cc00000| PB 0x000000070cc00000| Complete 
|  81|0x000000070ce00000, 0x000000070d000000, 0x000000070d000000|100%| E|CS|TAMS 0x000000070ce00000| PB 0x000000070ce00000| Complete 
|  82|0x000000070d000000, 0x000000070d200000, 0x000000070d200000|100%| E|CS|TAMS 0x000000070d000000| PB 0x000000070d000000| Complete 
|  83|0x000000070d200000, 0x000000070d400000, 0x000000070d400000|100%| E|CS|TAMS 0x000000070d200000| PB 0x000000070d200000| Complete 
|  84|0x000000070d400000, 0x000000070d600000, 0x000000070d600000|100%| E|CS|TAMS 0x000000070d400000| PB 0x000000070d400000| Complete 
|  85|0x000000070d600000, 0x000000070d800000, 0x000000070d800000|100%| E|CS|TAMS 0x000000070d600000| PB 0x000000070d600000| Complete 
|  86|0x000000070d800000, 0x000000070da00000, 0x000000070da00000|100%| E|CS|TAMS 0x000000070d800000| PB 0x000000070d800000| Complete 
|  87|0x000000070da00000, 0x000000070dc00000, 0x000000070dc00000|100%| E|CS|TAMS 0x000000070da00000| PB 0x000000070da00000| Complete 
|  88|0x000000070dc00000, 0x000000070de00000, 0x000000070de00000|100%| E|CS|TAMS 0x000000070dc00000| PB 0x000000070dc00000| Complete 
| 126|0x0000000712800000, 0x0000000712a00000, 0x0000000712a00000|100%| E|CS|TAMS 0x0000000712800000| PB 0x0000000712800000| Complete 
|2016|0x00000007fec00000, 0x00000007fee00000, 0x00000007fee00000|100%| O|  |TAMS 0x00000007fec00000| PB 0x00000007fec00000| Untracked 
|2017|0x00000007fee00000, 0x00000007ff000000, 0x00000007ff000000|100%| O|  |TAMS 0x00000007fee00000| PB 0x00000007fee00000| Untracked 
|2018|0x00000007ff000000, 0x00000007ff200000, 0x00000007ff200000|100%| O|  |TAMS 0x00000007ff000000| PB 0x00000007ff000000| Untracked 
|2019|0x00000007ff200000, 0x00000007ff400000, 0x00000007ff400000|100%| O|  |TAMS 0x00000007ff200000| PB 0x00000007ff200000| Untracked 
|2020|0x00000007ff400000, 0x00000007ff600000, 0x00000007ff600000|100%| O|  |TAMS 0x00000007ff400000| PB 0x00000007ff400000| Untracked 
|2021|0x00000007ff600000, 0x00000007ff800000, 0x00000007ff800000|100%| O|  |TAMS 0x00000007ff600000| PB 0x00000007ff600000| Untracked 
|2022|0x00000007ff800000, 0x00000007ffa00000, 0x00000007ffa00000|100%| O|  |TAMS 0x00000007ff800000| PB 0x00000007ff800000| Untracked 
|2023|0x00000007ffa00000, 0x00000007ffc00000, 0x00000007ffc00000|100%| O|  |TAMS 0x00000007ffa00000| PB 0x00000007ffa00000| Untracked 
|2024|0x00000007ffc00000, 0x00000007ffe00000, 0x00000007ffe00000|100%| O|  |TAMS 0x00000007ffc00000| PB 0x00000007ffc00000| Untracked 
|2025|0x00000007ffe00000, 0x0000000800000000, 0x0000000800000000|100%| O|  |TAMS 0x00000007ffe00000| PB 0x00000007ffe00000| Untracked 

Card table byte_map: [0x0000020072ea0000,0x0000020073690000] _byte_map_base: 0x000002006f68a000

Marking Bits: (CMBitMap*) 0x000002006ec77a70
 Bits: [0x0000020073690000, 0x00000200775e0000)

Polling page: 0x000002006ca30000

Metaspace:

Usage:
  Non-class:     48.81 MB used.
      Class:      6.39 MB used.
       Both:     55.19 MB used.

Virtual space:
  Non-class space:       64.00 MB reserved,      49.25 MB ( 77%) committed,  1 nodes.
      Class space:        1.00 GB reserved,       6.75 MB ( <1%) committed,  1 nodes.
             Both:        1.06 GB reserved,      56.00 MB (  5%) committed. 

Chunk freelists:
   Non-Class:  14.36 MB
       Class:  9.07 MB
        Both:  23.43 MB

MaxMetaspaceSize: unlimited
CompressedClassSpaceSize: 1.00 GB
Initial GC threshold: 21.00 MB
Current GC threshold: 59.50 MB
CDS: on
 - commit_granule_bytes: 65536.
 - commit_granule_words: 8192.
 - virtual_space_node_default_size: 8388608.
 - enlarge_chunks_in_place: 1.
 - use_allocation_guard: 0.


Internal statistics:

num_allocs_failed_limit: 9.
num_arena_births: 1360.
num_arena_deaths: 0.
num_vsnodes_births: 2.
num_vsnodes_deaths: 0.
num_space_committed: 894.
num_space_uncommitted: 0.
num_chunks_returned_to_freelist: 9.
num_chunks_taken_from_freelist: 3624.
num_chunk_merges: 6.
num_chunk_splits: 2637.
num_chunks_enlarged: 1963.
num_inconsistent_stats: 0.

CodeHeap 'non-profiled nmethods': size=119168Kb used=5912Kb max_used=5912Kb free=113255Kb
 bounds [0x0000020007ba0000, 0x0000020008170000, 0x000002000f000000]
CodeHeap 'profiled nmethods': size=119104Kb used=31365Kb max_used=31365Kb free=87739Kb
 bounds [0x0000020000000000, 0x0000020001eb0000, 0x0000020007450000]
CodeHeap 'non-nmethods': size=7488Kb used=3215Kb max_used=3277Kb free=4272Kb
 bounds [0x0000020007450000, 0x00000200077a0000, 0x0000020007ba0000]
CodeCache: size=245760Kb, used=40492Kb, max_used=40554Kb, free=205266Kb
 total_blobs=10915, nmethods=10251, adapters=562, full_count=0
Compilation: enabled, stopped_count=0, restarted_count=0

Compilation events (20 events):
Event: 10.903 Thread 0x000002007a600490 nmethod 10529 0x0000020001e8ac90 code [0x0000020001e8ae40, 0x0000020001e8b088]
Event: 10.905 Thread 0x000002007a600490 10530       3       org.jetbrains.kotlin.resolve.descriptorUtil.DescriptorUtilsKt::getClassValueDescriptor (29 bytes)
Event: 10.905 Thread 0x000002007a6bb400 10531       1       org.jetbrains.kotlin.types.error.ErrorScopeKind::getDebugMessage (5 bytes)
Event: 10.905 Thread 0x000002007a6bb400 nmethod 10531 0x0000020008163d10 code [0x0000020008163ea0, 0x0000020008163f70]
Event: 10.905 Thread 0x000002007a600490 nmethod 10530 0x0000020001e8b190 code [0x0000020001e8b3e0, 0x0000020001e8bc40]
Event: 10.907 Thread 0x000002007a600490 10532       3       java.lang.StringBuilder::append (8 bytes)
Event: 10.907 Thread 0x000002007a600490 nmethod 10532 0x0000020001e8bf10 code [0x0000020001e8c0c0, 0x0000020001e8c210]
Event: 10.908 Thread 0x000002007a6bd610 10533       3       org.jetbrains.kotlin.resolve.calls.tower.PSICallResolver$FactoryProviderForInvoke::<init> (94 bytes)
Event: 10.908 Thread 0x000002007a6bb400 10534       3       org.jetbrains.kotlin.resolve.calls.tower.ScopeTowerProcessorsKt::createSimpleFunctionProcessor$default (21 bytes)
Event: 10.908 Thread 0x000002007a6bcf40 10535       3       org.jetbrains.kotlin.resolve.calls.tower.ScopeTowerProcessorsKt::createSimpleFunctionProcessor (33 bytes)
Event: 10.908 Thread 0x000002007a600490 10536       3       org.jetbrains.kotlin.resolve.calls.tower.ScopeTowerProcessorsKt$$Lambda/0x000002001067eeb0::<init> (10 bytes)
Event: 10.908 Thread 0x000002007a600490 nmethod 10536 0x0000020001e8c290 code [0x0000020001e8c440, 0x0000020001e8c600]
Event: 10.908 Thread 0x000002007a6bb400 nmethod 10534 0x0000020001e8c690 code [0x0000020001e8c840, 0x0000020001e8c990]
Event: 10.908 Thread 0x000002007a600490 10537       3       org.jetbrains.kotlin.resolve.calls.tower.InvokeTowerProcessor::<init> (55 bytes)
Event: 10.908 Thread 0x000002007a6bb400 10538       3       org.jetbrains.kotlin.resolve.calls.tower.ScopeTowerProcessorsKt$$Lambda/0x000002001067fd40::<init> (20 bytes)
Event: 10.909 Thread 0x000002007a6bb400 nmethod 10538 0x0000020001e8ca90 code [0x0000020001e8cc40, 0x0000020001e8ced8]
Event: 10.909 Thread 0x000002007a6bb400 10539       1       org.jetbrains.kotlin.resolve.scopes.receivers.ClassQualifier::getClassValueReceiver (5 bytes)
Event: 10.909 Thread 0x000002007a6bb400 nmethod 10539 0x0000020008164010 code [0x00000200081641a0, 0x0000020008164270]
Event: 10.909 Thread 0x000002007a6bd610 nmethod 10533 0x0000020001e8cf90 code [0x0000020001e8d2c0, 0x0000020001e8e3f0]
Event: 11.905 Thread 0x000002007a6bcf40 nmethod 10535 0x0000020001e8e990 code [0x0000020001e8ed00, 0x0000020001e90068]

GC Heap History (18 events):
Event: 0.383 GC heap before
{Heap before GC invocations=0 (full 0):
 garbage-first heap   total 260096K, used 24576K [0x0000000702c00000, 0x0000000800000000)
  region size 2048K, 11 young (22528K), 0 survivors (0K)
 Metaspace       used 6184K, committed 6336K, reserved 1114112K
  class space    used 611K, committed 704K, reserved 1048576K
}
Event: 0.386 GC heap after
{Heap after GC invocations=1 (full 0):
 garbage-first heap   total 260096K, used 7045K [0x0000000702c00000, 0x0000000800000000)
  region size 2048K, 2 young (4096K), 2 survivors (4096K)
 Metaspace       used 6184K, committed 6336K, reserved 1114112K
  class space    used 611K, committed 704K, reserved 1048576K
}
Event: 0.830 GC heap before
{Heap before GC invocations=1 (full 0):
 garbage-first heap   total 260096K, used 41861K [0x0000000702c00000, 0x0000000800000000)
  region size 2048K, 20 young (40960K), 2 survivors (4096K)
 Metaspace       used 16578K, committed 16832K, reserved 1114112K
  class space    used 1872K, committed 1984K, reserved 1048576K
}
Event: 0.834 GC heap after
{Heap after GC invocations=2 (full 0):
 garbage-first heap   total 260096K, used 9278K [0x0000000702c00000, 0x0000000800000000)
  region size 2048K, 3 young (6144K), 3 survivors (6144K)
 Metaspace       used 16578K, committed 16832K, reserved 1114112K
  class space    used 1872K, committed 1984K, reserved 1048576K
}
Event: 1.399 GC heap before
{Heap before GC invocations=2 (full 0):
 garbage-first heap   total 260096K, used 85054K [0x0000000702c00000, 0x0000000800000000)
  region size 2048K, 38 young (77824K), 3 survivors (6144K)
 Metaspace       used 21259K, committed 21504K, reserved 1114112K
  class space    used 2712K, committed 2816K, reserved 1048576K
}
Event: 1.415 GC heap after
{Heap after GC invocations=3 (full 0):
 garbage-first heap   total 260096K, used 25070K [0x0000000702c00000, 0x0000000800000000)
  region size 2048K, 10 young (20480K), 10 survivors (20480K)
 Metaspace       used 21259K, committed 21504K, reserved 1114112K
  class space    used 2712K, committed 2816K, reserved 1048576K
}
Event: 2.312 GC heap before
{Heap before GC invocations=4 (full 0):
 garbage-first heap   total 90112K, used 88558K [0x0000000702c00000, 0x0000000800000000)
  region size 2048K, 37 young (75776K), 10 survivors (20480K)
 Metaspace       used 30905K, committed 31232K, reserved 1114112K
  class space    used 3907K, committed 4032K, reserved 1048576K
}
Event: 2.331 GC heap after
{Heap after GC invocations=5 (full 0):
 garbage-first heap   total 120832K, used 42881K [0x0000000702c00000, 0x0000000800000000)
  region size 2048K, 5 young (10240K), 5 survivors (10240K)
 Metaspace       used 30905K, committed 31232K, reserved 1114112K
  class space    used 3907K, committed 4032K, reserved 1048576K
}
Event: 2.713 GC heap before
{Heap before GC invocations=5 (full 0):
 garbage-first heap   total 120832K, used 71553K [0x0000000702c00000, 0x0000000800000000)
  region size 2048K, 20 young (40960K), 5 survivors (10240K)
 Metaspace       used 35166K, committed 35968K, reserved 1114112K
  class space    used 4438K, committed 4800K, reserved 1048576K
}
Event: 2.720 GC heap after
{Heap after GC invocations=6 (full 0):
 garbage-first heap   total 120832K, used 46136K [0x0000000702c00000, 0x0000000800000000)
  region size 2048K, 2 young (4096K), 2 survivors (4096K)
 Metaspace       used 35166K, committed 35968K, reserved 1114112K
  class space    used 4438K, committed 4800K, reserved 1048576K
}
Event: 2.749 GC heap before
{Heap before GC invocations=6 (full 0):
 garbage-first heap   total 120832K, used 48184K [0x0000000702c00000, 0x0000000800000000)
  region size 2048K, 4 young (8192K), 2 survivors (4096K)
 Metaspace       used 35505K, committed 36288K, reserved 1114112K
  class space    used 4471K, committed 4864K, reserved 1048576K
}
Event: 2.753 GC heap after
{Heap after GC invocations=7 (full 0):
 garbage-first heap   total 120832K, used 45776K [0x0000000702c00000, 0x0000000800000000)
  region size 2048K, 2 young (4096K), 2 survivors (4096K)
 Metaspace       used 35505K, committed 36288K, reserved 1114112K
  class space    used 4471K, committed 4864K, reserved 1048576K
}
Event: 3.691 GC heap before
{Heap before GC invocations=8 (full 0):
 garbage-first heap   total 120832K, used 94928K [0x0000000702c00000, 0x0000000800000000)
  region size 2048K, 27 young (55296K), 2 survivors (4096K)
 Metaspace       used 41396K, committed 42176K, reserved 1114112K
  class space    used 5134K, committed 5504K, reserved 1048576K
}
Event: 3.703 GC heap after
{Heap after GC invocations=9 (full 0):
 garbage-first heap   total 120832K, used 50183K [0x0000000702c00000, 0x0000000800000000)
  region size 2048K, 4 young (8192K), 4 survivors (8192K)
 Metaspace       used 41396K, committed 42176K, reserved 1114112K
  class space    used 5134K, committed 5504K, reserved 1048576K
}
Event: 5.518 GC heap before
{Heap before GC invocations=9 (full 0):
 garbage-first heap   total 120832K, used 99335K [0x0000000702c00000, 0x0000000800000000)
  region size 2048K, 28 young (57344K), 4 survivors (8192K)
 Metaspace       used 48851K, committed 49664K, reserved 1114112K
  class space    used 5958K, committed 6336K, reserved 1048576K
}
Event: 5.542 GC heap after
{Heap after GC invocations=10 (full 0):
 garbage-first heap   total 145408K, used 55400K [0x0000000702c00000, 0x0000000800000000)
  region size 2048K, 4 young (8192K), 4 survivors (8192K)
 Metaspace       used 48851K, committed 49664K, reserved 1114112K
  class space    used 5958K, committed 6336K, reserved 1048576K
}
Event: 9.507 GC heap before
{Heap before GC invocations=10 (full 0):
 garbage-first heap   total 145408K, used 118888K [0x0000000702c00000, 0x0000000800000000)
  region size 2048K, 35 young (71680K), 4 survivors (8192K)
 Metaspace       used 54775K, committed 55616K, reserved 1114112K
  class space    used 6477K, committed 6848K, reserved 1048576K
}
Event: 9.528 GC heap after
{Heap after GC invocations=11 (full 0):
 garbage-first heap   total 145408K, used 63203K [0x0000000702c00000, 0x0000000800000000)
  region size 2048K, 4 young (8192K), 4 survivors (8192K)
 Metaspace       used 54775K, committed 55616K, reserved 1114112K
  class space    used 6477K, committed 6848K, reserved 1048576K
}

Dll operation events (7 events):
Event: 0.009 Loaded shared library C:\Users\venus\.vscode\extensions\redhat.java-1.54.0-win32-x64\jre\21.0.10-win32-x86_64\bin\java.dll
Event: 0.052 Loaded shared library C:\Users\venus\.vscode\extensions\redhat.java-1.54.0-win32-x64\jre\21.0.10-win32-x86_64\bin\net.dll
Event: 0.055 Loaded shared library C:\Users\venus\.vscode\extensions\redhat.java-1.54.0-win32-x64\jre\21.0.10-win32-x86_64\bin\nio.dll
Event: 0.070 Loaded shared library C:\Users\venus\.vscode\extensions\redhat.java-1.54.0-win32-x64\jre\21.0.10-win32-x86_64\bin\zip.dll
Event: 0.083 Loaded shared library C:\Users\venus\.vscode\extensions\redhat.java-1.54.0-win32-x64\jre\21.0.10-win32-x86_64\bin\zip.dll
Event: 0.085 Loaded shared library C:\Users\venus\.vscode\extensions\redhat.java-1.54.0-win32-x64\jre\21.0.10-win32-x86_64\bin\jimage.dll
Event: 0.969 Loaded shared library C:\Users\venus\.vscode\extensions\redhat.java-1.54.0-win32-x64\jre\21.0.10-win32-x86_64\bin\verify.dll

Deoptimization events (20 events):
Event: 10.828 Thread 0x000002006c7c7d60 Uncommon trap: trap_request=0xffffff45 fr.pc=0x0000020007cd914c relative=0x000000000000054c
Event: 10.828 Thread 0x000002006c7c7d60 Uncommon trap: reason=unstable_if action=reinterpret pc=0x0000020007cd914c method=java.lang.AbstractStringBuilder.inflateIfNeededFor(Ljava/lang/String;)V @ 14 c2
Event: 10.828 Thread 0x000002006c7c7d60 DEOPT PACKING pc=0x0000020007cd914c sp=0x0000009d639fb990
Event: 10.828 Thread 0x000002006c7c7d60 DEOPT UNPACKING pc=0x00000200074a4422 sp=0x0000009d639fb898 mode 2
Event: 10.828 Thread 0x000002006c7c7d60 Uncommon trap: trap_request=0xffffff45 fr.pc=0x0000020007cd7d0c relative=0x000000000000006c
Event: 10.828 Thread 0x000002006c7c7d60 Uncommon trap: reason=unstable_if action=reinterpret pc=0x0000020007cd7d0c method=java.lang.AbstractStringBuilder.isLatin1()Z @ 10 c2
Event: 10.828 Thread 0x000002006c7c7d60 DEOPT PACKING pc=0x0000020007cd7d0c sp=0x0000009d639fb840
Event: 10.828 Thread 0x000002006c7c7d60 DEOPT UNPACKING pc=0x00000200074a4422 sp=0x0000009d639fb7d0 mode 2
Event: 10.828 Thread 0x000002006c7c7d60 Uncommon trap: trap_request=0xffffff45 fr.pc=0x0000020007ca28c8 relative=0x0000000000000508
Event: 10.828 Thread 0x000002006c7c7d60 Uncommon trap: reason=unstable_if action=reinterpret pc=0x0000020007ca28c8 method=java.lang.AbstractStringBuilder.isLatin1()Z @ 10 c2
Event: 10.828 Thread 0x000002006c7c7d60 DEOPT PACKING pc=0x0000020007ca28c8 sp=0x0000009d639fba00
Event: 10.828 Thread 0x000002006c7c7d60 DEOPT UNPACKING pc=0x00000200074a4422 sp=0x0000009d639fb8a0 mode 2
Event: 10.871 Thread 0x000002006c7c7d60 Uncommon trap: trap_request=0xffffff45 fr.pc=0x000002000812a304 relative=0x0000000000000fc4
Event: 10.871 Thread 0x000002006c7c7d60 Uncommon trap: reason=unstable_if action=reinterpret pc=0x000002000812a304 method=org.jetbrains.kotlin.resolve.calls.components.candidate.ResolutionCandidate.processParts(Z)V @ 114 c2
Event: 10.871 Thread 0x000002006c7c7d60 DEOPT PACKING pc=0x000002000812a304 sp=0x0000009d639fb480
Event: 10.871 Thread 0x000002006c7c7d60 DEOPT UNPACKING pc=0x00000200074a4422 sp=0x0000009d639fb408 mode 2
Event: 10.903 Thread 0x000002006c7c7d60 Uncommon trap: trap_request=0xffffff45 fr.pc=0x0000020008158900 relative=0x00000000000002e0
Event: 10.903 Thread 0x000002006c7c7d60 Uncommon trap: reason=unstable_if action=reinterpret pc=0x0000020008158900 method=org.jetbrains.kotlin.resolve.calls.util.ResolvedCallUtilKt.toResolutionStatus(Lorg/jetbrains/kotlin/resolve/calls/tower/CandidateApplicability;)Lorg/jetbrains/kotlin/resolve
Event: 10.903 Thread 0x000002006c7c7d60 DEOPT PACKING pc=0x0000020008158900 sp=0x0000009d639fc4f0
Event: 10.903 Thread 0x000002006c7c7d60 DEOPT UNPACKING pc=0x00000200074a4422 sp=0x0000009d639fc440 mode 2

Classes loaded (20 events):
Event: 3.471 Loading class java/text/CharacterIterator done
Event: 3.471 Loading class java/text/StringCharacterIterator done
Event: 4.349 Loading class java/security/CodeSigner
Event: 4.349 Loading class java/security/CodeSigner done
Event: 4.561 Loading class java/util/stream/LongStream
Event: 4.561 Loading class java/util/stream/LongStream done
Event: 4.561 Loading class java/util/stream/DoubleStream
Event: 4.561 Loading class java/util/stream/DoubleStream done
Event: 4.652 Loading class java/util/EnumMap$EntrySet
Event: 4.653 Loading class java/util/EnumMap$EntrySet done
Event: 4.654 Loading class java/util/EnumMap$EntryIterator
Event: 4.658 Loading class java/util/EnumMap$EnumMapIterator
Event: 4.658 Loading class java/util/EnumMap$EnumMapIterator done
Event: 4.658 Loading class java/util/EnumMap$EntryIterator done
Event: 4.659 Loading class java/util/EnumMap$EntryIterator$Entry
Event: 4.659 Loading class java/util/EnumMap$EntryIterator$Entry done
Event: 5.415 Loading class java/util/RegularEnumSet$EnumSetIterator
Event: 5.415 Loading class java/util/RegularEnumSet$EnumSetIterator done
Event: 9.104 Loading class java/util/Collections$2
Event: 9.104 Loading class java/util/Collections$2 done

Classes unloaded (0 events):
No events

Classes redefined (0 events):
No events

Internal exceptions (20 events):
Event: 7.548 Thread 0x000002006c7c7d60 Implicit null exception at 0x0000020007ec0cf0 to 0x0000020007ec3650
Event: 7.548 Thread 0x000002006c7c7d60 Implicit null exception at 0x0000020007ec0cf0 to 0x0000020007ec3650
Event: 7.548 Thread 0x000002006c7c7d60 Implicit null exception at 0x0000020007ec0cf0 to 0x0000020007ec3650
Event: 7.548 Thread 0x000002006c7c7d60 Implicit null exception at 0x0000020007ec0cf0 to 0x0000020007ec3650
Event: 7.548 Thread 0x000002006c7c7d60 Implicit null exception at 0x0000020007ec0cf0 to 0x0000020007ec3650
Event: 7.548 Thread 0x000002006c7c7d60 Implicit null exception at 0x0000020007ec0cf0 to 0x0000020007ec3650
Event: 7.548 Thread 0x000002006c7c7d60 Implicit null exception at 0x0000020007ec0cf0 to 0x0000020007ec3650
Event: 7.548 Thread 0x000002006c7c7d60 Implicit null exception at 0x0000020007eb09ac to 0x0000020007eb1efc
Event: 7.548 Thread 0x000002006c7c7d60 Implicit null exception at 0x0000020007e4b283 to 0x0000020007e4b898
Event: 7.552 Thread 0x000002006c7c7d60 Implicit null exception at 0x0000020007eaf6ac to 0x0000020007eaf824
Event: 7.552 Thread 0x000002006c7c7d60 Implicit null exception at 0x0000020007e4a4e2 to 0x0000020007e4a7ab
Event: 8.749 Thread 0x000002006c7c7d60 Exception <a 'java/lang/NoSuchMethodError'{0x00000007087963a8}: 'java.lang.Object java.lang.invoke.DirectMethodHandle$Holder.newInvokeSpecial(java.lang.Object, int, java.lang.Object, java.lang.Object)'> (0x00000007087963a8) 
thrown [s\src\hotspot\share\interpreter\linkResolver.cpp, line 773]
Event: 8.750 Thread 0x000002006c7c7d60 Exception <a 'java/lang/NoSuchMethodError'{0x000000070879a8a0}: 'java.lang.Object java.lang.invoke.DirectMethodHandle$Holder.invokeSpecial(java.lang.Object, java.lang.Object, int, java.lang.Object, java.lang.Object)'> (0x000000070879a8a0) 
thrown [s\src\hotspot\share\interpreter\linkResolver.cpp, line 773]
Event: 9.043 Thread 0x000002006c7c7d60 Implicit null exception at 0x0000020007feb06a to 0x0000020007feb958
Event: 9.090 Thread 0x000002006c7c7d60 Exception <a 'java/lang/NoSuchMethodError'{0x0000000707ba51f0}: 'java.lang.Object java.lang.invoke.DirectMethodHandle$Holder.invokeInterface(java.lang.Object, java.lang.Object, java.lang.Object)'> (0x0000000707ba51f0) 
thrown [s\src\hotspot\share\interpreter\linkResolver.cpp, line 773]
Event: 9.091 Thread 0x000002006c7c7d60 Exception <a 'java/lang/IncompatibleClassChangeError'{0x0000000707ba8898}: Found class java.lang.Object, but interface was expected> (0x0000000707ba8898) 
thrown [s\src\hotspot\share\interpreter\linkResolver.cpp, line 840]
Event: 9.208 Thread 0x000002006c7c7d60 Exception <a 'java/lang/NoSuchMethodError'{0x00000007075ab140}: 'java.lang.Object java.lang.invoke.DirectMethodHandle$Holder.invokeStatic(java.lang.Object, java.lang.Object, int, java.lang.Object)'> (0x00000007075ab140) 
thrown [s\src\hotspot\share\interpreter\linkResolver.cpp, line 773]
Event: 9.209 Thread 0x000002006c7c7d60 Exception <a 'java/lang/NoSuchMethodError'{0x00000007075b2628}: 'java.lang.Object java.lang.invoke.DirectMethodHandle$Holder.newInvokeSpecial(java.lang.Object, java.lang.Object, int, java.lang.Object)'> (0x00000007075b2628) 
thrown [s\src\hotspot\share\interpreter\linkResolver.cpp, line 773]
Event: 9.209 Thread 0x000002006c7c7d60 Exception <a 'java/lang/NoSuchMethodError'{0x00000007075b6a08}: 'java.lang.Object java.lang.invoke.DirectMethodHandle$Holder.invokeSpecial(java.lang.Object, java.lang.Object, java.lang.Object, int, java.lang.Object)'> (0x00000007075b6a08) 
thrown [s\src\hotspot\share\interpreter\linkResolver.cpp, line 773]
Event: 9.209 Thread 0x000002006c7c7d60 Exception <a 'java/lang/NoSuchMethodError'{0x00000007075ba980}: 'java.lang.Object java.lang.invoke.Invokers$Holder.linkToTargetMethod(java.lang.Object, int, java.lang.Object, java.lang.Object)'> (0x00000007075ba980) 
thrown [s\src\hotspot\share\interpreter\linkResolver.cpp, line 773]

ZGC Phase Switch (0 events):
No events

VM Operations (20 events):
Event: 9.923 Executing safepoint VM operation: ICBufferFull done
Event: 9.957 Executing non-safepoint VM operation: HandshakeAllThreads (Deoptimize)
Event: 9.957 Executing non-safepoint VM operation: HandshakeAllThreads (Deoptimize) done
Event: 10.045 Executing safepoint VM operation: ICBufferFull
Event: 10.045 Executing safepoint VM operation: ICBufferFull done
Event: 10.097 Executing non-safepoint VM operation: HandshakeAllThreads (Deoptimize)
Event: 10.097 Executing non-safepoint VM operation: HandshakeAllThreads (Deoptimize) done
Event: 10.152 Executing safepoint VM operation: ICBufferFull
Event: 10.153 Executing safepoint VM operation: ICBufferFull done
Event: 10.363 Executing safepoint VM operation: ICBufferFull
Event: 10.363 Executing safepoint VM operation: ICBufferFull done
Event: 10.571 Executing safepoint VM operation: ICBufferFull
Event: 10.571 Executing safepoint VM operation: ICBufferFull done
Event: 10.716 Executing safepoint VM operation: ICBufferFull
Event: 10.716 Executing safepoint VM operation: ICBufferFull done
Event: 10.841 Executing safepoint VM operation: ICBufferFull
Event: 10.841 Executing safepoint VM operation: ICBufferFull done
Event: 10.868 Executing non-safepoint VM operation: HandshakeAllThreads (Deoptimize)
Event: 10.868 Executing non-safepoint VM operation: HandshakeAllThreads (Deoptimize) done
Event: 11.873 Executing safepoint VM operation: Cleanup

Memory protections (0 events):
No events

Nmethod flushes (20 events):
Event: 2.777 Thread 0x00000200798e11c0 flushing  nmethod 0x000002000028fb10
Event: 2.777 Thread 0x00000200798e11c0 flushing  nmethod 0x0000020000290090
Event: 2.777 Thread 0x00000200798e11c0 flushing  nmethod 0x000002000029e190
Event: 2.777 Thread 0x00000200798e11c0 flushing  nmethod 0x000002000029f590
Event: 2.777 Thread 0x00000200798e11c0 flushing  nmethod 0x00000200002a0510
Event: 2.777 Thread 0x00000200798e11c0 flushing  nmethod 0x00000200002a0990
Event: 2.777 Thread 0x00000200798e11c0 flushing  nmethod 0x00000200002a0e10
Event: 2.777 Thread 0x00000200798e11c0 flushing  nmethod 0x00000200002a1590
Event: 2.777 Thread 0x00000200798e11c0 flushing  nmethod 0x00000200002a1f90
Event: 2.777 Thread 0x00000200798e11c0 flushing  nmethod 0x00000200002a3210
Event: 2.777 Thread 0x00000200798e11c0 flushing  nmethod 0x00000200002a4090
Event: 2.777 Thread 0x00000200798e11c0 flushing  nmethod 0x00000200002a7d10
Event: 2.777 Thread 0x00000200798e11c0 flushing  nmethod 0x00000200002bcc90
Event: 2.777 Thread 0x00000200798e11c0 flushing  nmethod 0x00000200002c1410
Event: 2.777 Thread 0x00000200798e11c0 flushing  nmethod 0x00000200002c4910
Event: 2.777 Thread 0x00000200798e11c0 flushing  nmethod 0x00000200002c4e10
Event: 2.777 Thread 0x00000200798e11c0 flushing  nmethod 0x00000200002c5410
Event: 2.777 Thread 0x00000200798e11c0 flushing  nmethod 0x00000200002c5b10
Event: 2.777 Thread 0x00000200798e11c0 flushing  nmethod 0x00000200002c6090
Event: 2.777 Thread 0x00000200798e11c0 flushing  nmethod 0x00000200002ca290

Events (20 events):
Event: 0.029 Thread 0x000002006c7c7d60 Thread added: 0x000002007a5c84a0
Event: 0.029 Thread 0x000002006c7c7d60 Thread added: 0x000002007a5ca290
Event: 0.029 Thread 0x000002006c7c7d60 Thread added: 0x000002007a5cbc70
Event: 0.029 Thread 0x000002006c7c7d60 Thread added: 0x000002007a5edae0
Event: 0.029 Thread 0x000002006c7c7d60 Thread added: 0x000002007a600490
Event: 0.032 Thread 0x000002007a600490 Thread added: 0x000002007a6bb400
Event: 0.048 Thread 0x000002006c7c7d60 Thread added: 0x000002007a79d6d0
Event: 0.049 Thread 0x000002006c7c7d60 Thread added: 0x000002007a7a4d00
Event: 0.064 Thread 0x000002007a5edae0 Thread added: 0x000002007a6b9f90
Event: 0.064 Thread 0x000002007a5edae0 Thread added: 0x000002007a6ba660
Event: 0.191 Thread 0x000002007a600490 Thread added: 0x000002007a6bd610
Event: 0.301 Thread 0x000002007a6bb400 Thread added: 0x000002007a6bcf40
Event: 1.067 Thread 0x000002007a6ba660 Thread added: 0x000002007a6bbad0
Event: 1.067 Thread 0x000002007a6ba660 Thread added: 0x000002007a6bc1a0
Event: 2.394 Thread 0x000002007a6bbad0 Thread exited: 0x000002007a6bbad0
Event: 2.394 Thread 0x000002007a6bc1a0 Thread exited: 0x000002007a6bc1a0
Event: 2.555 Thread 0x000002007a6bb400 Thread added: 0x0000020054f2d140
Event: 2.555 Thread 0x000002007a6bb400 Thread added: 0x0000020054f2dee0
Event: 5.807 Thread 0x0000020054f2dee0 Thread exited: 0x0000020054f2dee0
Event: 8.705 Thread 0x0000020054f2d140 Thread exited: 0x0000020054f2d140


Dynamic libraries:
0x00007ff73e980000 - 0x00007ff73e98e000 	C:\Users\venus\.vscode\extensions\redhat.java-1.54.0-win32-x64\jre\21.0.10-win32-x86_64\bin\java.exe
0x00007fffbe260000 - 0x00007fffbe4c7000 	C:\WINDOWS\SYSTEM32\ntdll.dll
0x00007fffbd190000 - 0x00007fffbd259000 	C:\WINDOWS\System32\KERNEL32.DLL
0x00007fffbb6a0000 - 0x00007fffbba97000 	C:\WINDOWS\System32\KERNELBASE.dll
0x00007fffbbe90000 - 0x00007fffbbfdb000 	C:\WINDOWS\System32\ucrtbase.dll
0x00007fff76cb0000 - 0x00007fff76cc8000 	C:\Users\venus\.vscode\extensions\redhat.java-1.54.0-win32-x64\jre\21.0.10-win32-x86_64\bin\jli.dll
0x00007fff76a70000 - 0x00007fff76a8e000 	C:\Users\venus\.vscode\extensions\redhat.java-1.54.0-win32-x64\jre\21.0.10-win32-x86_64\bin\VCRUNTIME140.dll
0x00007fffbd260000 - 0x00007fffbd426000 	C:\WINDOWS\System32\USER32.dll
0x00007fffbb5c0000 - 0x00007fffbb5e7000 	C:\WINDOWS\System32\win32u.dll
0x00007fff9d660000 - 0x00007fff9d8f2000 	C:\WINDOWS\WinSxS\amd64_microsoft.windows.common-controls_6595b64144ccf1df_6.0.26100.8457_none_3e0b2faee331e92d\COMCTL32.dll
0x00007fffbc1b0000 - 0x00007fffbc1db000 	C:\WINDOWS\System32\GDI32.dll
0x00007fffbc900000 - 0x00007fffbc9a9000 	C:\WINDOWS\System32\msvcrt.dll
0x00007fffbbd60000 - 0x00007fffbbe8c000 	C:\WINDOWS\System32\gdi32full.dll
0x00007fffbb5f0000 - 0x00007fffbb693000 	C:\WINDOWS\System32\msvcp_win.dll
0x00007fffbc0e0000 - 0x00007fffbc112000 	C:\WINDOWS\System32\IMM32.DLL
0x00007fff9fbe0000 - 0x00007fff9fbec000 	C:\Users\venus\.vscode\extensions\redhat.java-1.54.0-win32-x64\jre\21.0.10-win32-x86_64\bin\vcruntime140_1.dll
0x00007fff1f4b0000 - 0x00007fff1f53d000 	C:\Users\venus\.vscode\extensions\redhat.java-1.54.0-win32-x64\jre\21.0.10-win32-x86_64\bin\msvcp140.dll
0x00007ffef1840000 - 0x00007ffef25e1000 	C:\Users\venus\.vscode\extensions\redhat.java-1.54.0-win32-x64\jre\21.0.10-win32-x86_64\bin\server\jvm.dll
0x00007fffbc1e0000 - 0x00007fffbc296000 	C:\WINDOWS\System32\ADVAPI32.dll
0x00007fffbd020000 - 0x00007fffbd0c7000 	C:\WINDOWS\System32\sechost.dll
0x00007fffbc2b0000 - 0x00007fffbc3c8000 	C:\WINDOWS\System32\RPCRT4.dll
0x00007fffbc3d0000 - 0x00007fffbc450000 	C:\WINDOWS\System32\WS2_32.dll
0x00007fffbaaf0000 - 0x00007fffbab4e000 	C:\WINDOWS\SYSTEM32\POWRPROF.dll
0x00007fffb3500000 - 0x00007fffb350b000 	C:\WINDOWS\SYSTEM32\VERSION.dll
0x00007fffac2a0000 - 0x00007fffac2d6000 	C:\WINDOWS\SYSTEM32\WINMM.dll
0x00007fffbaad0000 - 0x00007fffbaae4000 	C:\WINDOWS\SYSTEM32\UMPDC.dll
0x00007fffb99e0000 - 0x00007fffb99fb000 	C:\WINDOWS\SYSTEM32\kernel.appcore.dll
0x00007fff97810000 - 0x00007fff9781a000 	C:\Users\venus\.vscode\extensions\redhat.java-1.54.0-win32-x64\jre\21.0.10-win32-x86_64\bin\jimage.dll
0x00007fffac050000 - 0x00007fffac292000 	C:\WINDOWS\SYSTEM32\DBGHELP.DLL
0x00007fffbc460000 - 0x00007fffbc7e3000 	C:\WINDOWS\System32\combase.dll
0x00007fffbc9b0000 - 0x00007fffbca89000 	C:\WINDOWS\System32\OLEAUT32.dll
0x00007fff7dfe0000 - 0x00007fff7e01b000 	C:\WINDOWS\SYSTEM32\dbgcore.DLL
0x00007fffbbb30000 - 0x00007fffbbbd8000 	C:\WINDOWS\System32\bcryptPrimitives.dll
0x00007fff75d40000 - 0x00007fff75d60000 	C:\Users\venus\.vscode\extensions\redhat.java-1.54.0-win32-x64\jre\21.0.10-win32-x86_64\bin\java.dll
0x00007fffbd610000 - 0x00007fffbdd7e000 	C:\WINDOWS\System32\SHELL32.dll
0x00007fffbac90000 - 0x00007fffbb4fc000 	C:\WINDOWS\System32\windows.storage.dll
0x00007fffbcf20000 - 0x00007fffbd016000 	C:\WINDOWS\System32\SHCORE.dll
0x00007fffbcaf0000 - 0x00007fffbcb56000 	C:\WINDOWS\System32\shlwapi.dll
0x00007fffbabb0000 - 0x00007fffbabd9000 	C:\WINDOWS\SYSTEM32\profapi.dll
0x00007fff97080000 - 0x00007fff97090000 	C:\Users\venus\.vscode\extensions\redhat.java-1.54.0-win32-x64\jre\21.0.10-win32-x86_64\bin\net.dll
0x00007fffb2f70000 - 0x00007fffb3099000 	C:\WINDOWS\SYSTEM32\WINHTTP.dll
0x00007fffb9f30000 - 0x00007fffb9f9c000 	C:\WINDOWS\system32\mswsock.dll
0x00007fff755a0000 - 0x00007fff755b6000 	C:\Users\venus\.vscode\extensions\redhat.java-1.54.0-win32-x64\jre\21.0.10-win32-x86_64\bin\nio.dll
0x00007fff75620000 - 0x00007fff75638000 	C:\Users\venus\.vscode\extensions\redhat.java-1.54.0-win32-x64\jre\21.0.10-win32-x86_64\bin\zip.dll
0x00007fff95a00000 - 0x00007fff95a10000 	C:\Users\venus\.vscode\extensions\redhat.java-1.54.0-win32-x64\jre\21.0.10-win32-x86_64\bin\verify.dll

JVMTI agents: none

dbghelp: loaded successfully - version: 4.0.5 - missing functions: none
symbol engine: initialized successfully - sym options: 0x614 - pdb path: .;C:\Users\venus\.vscode\extensions\redhat.java-1.54.0-win32-x64\jre\21.0.10-win32-x86_64\bin;C:\WINDOWS\SYSTEM32;C:\WINDOWS\WinSxS\amd64_microsoft.windows.common-controls_6595b64144ccf1df_6.0.26100.8457_none_3e0b2faee331e92d;C:\Users\venus\.vscode\extensions\redhat.java-1.54.0-win32-x64\jre\21.0.10-win32-x86_64\bin\server

VM Arguments:
java_command: org.jetbrains.kotlin.cli.jvm.K2JVMCompiler @C:\Flutter\flutter_windows_3.32.7-stable\flutter\packages\flutter_tools\gradle\build\20260609_15177040268141678273.compiler.options
java_class_path (initial): C:\Users\venus\.gradle\caches\modules-2\files-2.1\org.jetbrains.kotlin\kotlin-compiler-embeddable\2.0.21\79346ed53db48b18312a472602eb5c057070c54d\kotlin-compiler-embeddable-2.0.21.jar;C:\Users\venus\.gradle\caches\modules-2\files-2.1\org.jetbrains.kotlin\kotlin-stdlib\2.0.21\618b539767b4899b4660a83006e052b63f1db551\kotlin-stdlib-2.0.21.jar;C:\Users\venus\.gradle\caches\modules-2\files-2.1\org.jetbrains.kotlin\kotlin-script-runtime\2.0.21\c9b044380ad41f89aa89aa896c2d32a8c0b2129d\kotlin-script-runtime-2.0.21.jar;C:\Users\venus\.gradle\caches\modules-2\files-2.1\org.jetbrains.kotlin\kotlin-reflect\1.6.10\1cbe9c92c12a94eea200d23c2bbaedaf3daf5132\kotlin-reflect-1.6.10.jar;C:\Users\venus\.gradle\caches\modules-2\files-2.1\org.jetbrains.kotlin\kotlin-daemon-embeddable\2.0.21\c9e933b23287de9b5a17e2116b4657bb91aea72c\kotlin-daemon-embeddable-2.0.21.jar;C:\Users\venus\.gradle\caches\modules-2\files-2.1\org.jetbrains.intellij.deps\trove4j\1.0.20200330\3afb14d5f9ceb459d724e907a21145e8ff394f02\trove4j-1.0.20200330.jar;C:\Users\venus\.gradle\caches\modules-2\files-2.1\org.jetbrains.kotlinx\kotlinx-coroutines-core-jvm\1.6.4\2c997cd1c0ef33f3e751d3831929aeff1390cb30\kotlinx-coroutines-core-jvm-1.6.4.jar;C:\Users\venus\.gradle\caches\modules-2\files-2.1\org.jetbrains\annotations\13.0\919f0dfe192fb4e063e7dacadee7f8bb9a2672a9\annotations-13.0.jar
Launcher Type: SUN_STANDARD

[Global flags]
     intx CICompilerCount                          = 12                                        {product} {ergonomic}
     uint ConcGCThreads                            = 3                                         {product} {ergonomic}
     uint G1ConcRefinementThreads                  = 13                                        {product} {ergonomic}
   size_t G1HeapRegionSize                         = 2097152                                   {product} {ergonomic}
    uintx GCDrainStackTargetSize                   = 64                                        {product} {ergonomic}
   size_t InitialHeapSize                          = 266338304                                 {product} {ergonomic}
   size_t MarkStackSize                            = 4194304                                   {product} {ergonomic}
   size_t MaxHeapSize                              = 4248829952                                {product} {ergonomic}
   size_t MaxNewSize                               = 2548039680                                {product} {ergonomic}
   size_t MinHeapDeltaBytes                        = 2097152                                   {product} {ergonomic}
   size_t MinHeapSize                              = 8388608                                   {product} {ergonomic}
    uintx NonNMethodCodeHeapSize                   = 7602480                                {pd product} {ergonomic}
    uintx NonProfiledCodeHeapSize                  = 122027880                              {pd product} {ergonomic}
    uintx ProfiledCodeHeapSize                     = 122027880                              {pd product} {ergonomic}
    uintx ReservedCodeCacheSize                    = 251658240                              {pd product} {ergonomic}
     bool SegmentedCodeCache                       = true                                      {product} {ergonomic}
   size_t SoftMaxHeapSize                          = 4248829952                             {manageable} {ergonomic}
     bool UseCompressedOops                        = true                           {product lp64_product} {ergonomic}
     bool UseG1GC                                  = true                                      {product} {ergonomic}
     bool UseLargePagesIndividualAllocation        = false                                  {pd product} {ergonomic}

Logging:
Log output configuration:
 #0: stdout all=warning uptime,level,tags foldmultilines=false
 #1: stderr all=off uptime,level,tags foldmultilines=false

Release file:
JAVA_VERSION="21.0.10" 
MODULES="java.base java.compiler java.datatransfer java.xml java.prefs java.desktop java.instrument java.logging java.management java.security.sasl java.naming java.rmi java.management.rmi java.net.http java.scripting java.security.jgss java.transaction.xa java.sql java.sql.rowset java.xml.crypto java.se java.smartcardio jdk.accessibility jdk.internal.jvmstat jdk.attach jdk.charsets jdk.internal.opt jdk.zipfs jdk.compiler jdk.crypto.ec jdk.crypto.cryptoki jdk.crypto.mscapi jdk.dynalink jdk.internal.ed jdk.editpad jdk.hotspot.agent jdk.httpserver jdk.internal.le jdk.internal.vm.ci jdk.internal.vm.compiler jdk.internal.vm.compiler.management jdk.jartool jdk.javadoc jdk.jcmd jdk.management jdk.management.agent jdk.jconsole jdk.jdeps jdk.jdwp.agent jdk.jdi jdk.jfr jdk.jshell jdk.jsobject jdk.jstatd jdk.localedata jdk.management.jfr jdk.naming.dns jdk.naming.rmi jdk.net jdk.nio.mapmode jdk.random jdk.sctp jdk.security.auth jdk.security.jgss jdk.unsupported jdk.unsupported.desktop jdk.xml.dom" 

Environment Variables:
JAVA_HOME=C:\Users\venus\.jdks\temurin-17.0.18
PATH=C:\WINDOWS\System32;C:\Users\venus\.jdks\temurin-17.0.18\bin;C:\Program Files\Docker\Docker\resources\bin;;C:\Windows\System32\WindowsPowerShell\v1.0\;C:\Program Files\GitHub CLI\;C:\Program Files\nodejs\;C:\Program Files\dotnet\;C:\Users\venus\.jdks\temurin-17.0.18\bin;C:\Program Files\Docker\Docker\resources\bin;;C:\Windows\System32\WindowsPowerShell\v1.0\;C:\Program Files\GitHub CLI\;C:\Program Files\nodejs\;C:\Program Files\dotnet\;C:\Users\venus\.jdks\temurin-17.0.18\bin;C:\Program Files\Docker\Docker\resources\bin;;C:\Windows\System32\WindowsPowerShell\v1.0\;C:\Program Files\GitHub CLI\;C:\Program Files\nodejs\;C:\Program Files\dotnet\;C:\Users\venus\AppData\Local\Programs\Python\Python311\Scripts\;C:\Users\venus\AppData\Local\Programs\Python\Python311\;C:\Users\venus\AppData\Roaming\Python\Python313\Scripts;C:\Flutter\flutter_windows_3.32.7-stable\flutter\bin;C:\Users\venus\AppData\Local\Programs\Microsoft VS Code\bin;C:\Users\venus\AppData\Local\Android\Sdk\platform-tools;C:\Users\venus\AppData\Local\nvm;C:\nvm4w\nodejs;C:\Program Files\JetBrains\IntelliJ IDEA 2025.3.1.1\bin;C:\Program Files\JetBrains\PyCharm 2025.3.1.1\bin;C:\Users\venus\.jdks\temurin-17.0.18\bin;C:\Windows\System32;C:\Windows;C:\Windows\System32\Wbem;C:\Program Files\Git\cmd;C:\Program Files\Git\bin;D:\Antigravity\bin;C:\Users\venus\AppData\Local\Pub\Cache\bin;C:\Users\venus\AppData\Roaming\npm;C:\Users\venus\.dotnet\tools;C:\Users\venus\.fly\bin;C:\Users\venus\AppData\Local\Programs\Antigravity IDE\bin
USERNAME=venus
OS=Windows_NT
PROCESSOR_IDENTIFIER=AMD64 Family 25 Model 68 Stepping 1, AuthenticAMD
TMP=C:\Users\venus\AppData\Local\Temp
TEMP=C:\Users\venus\AppData\Local\Temp




Periodic native trim disabled

---------------  S Y S T E M  ---------------

OS:
 Windows 11 , 64 bit Build 26100 (10.0.26100.8328)
OS uptime: 0 days 11:10 hours
Hyper-V role detected

CPU: total 16 (initial active 16) (16 cores per cpu, 2 threads per core) family 25 model 68 stepping 1 microcode 0xa404107, cx8, cmov, fxsr, ht, mmx, 3dnowpref, sse, sse2, sse3, ssse3, sse4a, sse4.1, sse4.2, popcnt, lzcnt, tsc, tscinvbit, avx, avx2, aes, erms, clmul, bmi1, bmi2, adx, sha, fma, vzeroupper, clflush, clflushopt, hv, rdtscp, rdpid, fsrm, f16c, cet_ss
Processor Information for the first 16 processors :
  Max Mhz: 3100, Current Mhz: 3100, Mhz Limit: 3100

Memory: 4k page, system-wide physical 16202M (1367M free)
TotalPageFile size 35370M (AvailPageFile size 808M)
current process WorkingSet (physical memory assigned to process): 349M, peak: 352M
current process commit charge ("private bytes"): 396M, peak: 421M

vm_info: OpenJDK 64-Bit Server VM (21.0.10+7-LTS) for windows-amd64 JRE (21.0.10+7-LTS), built on 2026-01-20T00:00:00Z by "admin" with MS VC++ 17.12 (VS2022)

END.
